<?xml version="1.0" encoding="UTF-8"?>
<testng-results skipped="0" failed="0" ignored="0" total="5" passed="5">
  <reporter-output>
  </reporter-output>
  <suite name="Command line suite" duration-ms="38335" started-at="2021-07-06T14:55:49Z" finished-at="2021-07-06T14:56:27Z">
    <groups>
      <group name="cucumber">
        <method signature="AbstractTestNGCucumberTests.runScenario(io.cucumber.testng.PickleWrapper, io.cucumber.testng.FeatureWrapper)[pri:0, instance:definitions.TestRunner@6a024a67]" name="runScenario" class="io.cucumber.testng.AbstractTestNGCucumberTests"/>
      </group> <!-- cucumber -->
    </groups>
    <test name="Command line test" duration-ms="38335" started-at="2021-07-06T14:55:49Z" finished-at="2021-07-06T14:56:27Z">
      <class name="definitions.TestRunner">
        <test-method status="PASS" signature="setUpClass()[pri:0, instance:definitions.TestRunner@6a024a67]" name="setUpClass" is-config="true" duration-ms="491" started-at="2021-07-06T14:55:49Z" finished-at="2021-07-06T14:55:50Z">
          <reporter-output>
          </reporter-output>
        </test-method> <!-- setUpClass -->
        <test-method status="PASS" signature="runScenario(io.cucumber.testng.PickleWrapper, io.cucumber.testng.FeatureWrapper)[pri:0, instance:definitions.TestRunner@6a024a67]" name="runScenario" duration-ms="8379" started-at="2021-07-06T14:55:50Z" description="Runs Cucumber Scenarios" data-provider="scenarios" finished-at="2021-07-06T14:55:58Z">
          <params>
            <param index="0">
              <value>
                <![CDATA[""]]>
              </value>
            </param>
            <param index="1">
              <value>
                <![CDATA["Optional[Cash box tests]"]]>
              </value>
            </param>
          </params>
          <reporter-output>
          </reporter-output>
        </test-method> <!-- runScenario -->
        <test-method status="PASS" signature="runScenario(io.cucumber.testng.PickleWrapper, io.cucumber.testng.FeatureWrapper)[pri:0, instance:definitions.TestRunner@6a024a67]" name="runScenario" duration-ms="6936" started-at="2021-07-06T14:55:58Z" description="Runs Cucumber Scenarios" data-provider="scenarios" finished-at="2021-07-06T14:56:05Z">
          <params>
            <param index="0">
              <value>
                <![CDATA[""]]>
              </value>
            </param>
            <param index="1">
              <value>
                <![CDATA["Optional[Cash box tests]"]]>
              </value>
            </param>
          </params>
          <reporter-output>
          </reporter-output>
        </test-method> <!-- runScenario -->
        <test-method status="PASS" signature="runScenario(io.cucumber.testng.PickleWrapper, io.cucumber.testng.FeatureWrapper)[pri:0, instance:definitions.TestRunner@6a024a67]" name="runScenario" duration-ms="6802" started-at="2021-07-06T14:56:05Z" description="Runs Cucumber Scenarios" data-provider="scenarios" finished-at="2021-07-06T14:56:12Z">
          <params>
            <param index="0">
              <value>
                <![CDATA[""]]>
              </value>
            </param>
            <param index="1">
              <value>
                <![CDATA["Optional[Cash box tests]"]]>
              </value>
            </param>
          </params>
          <reporter-output>
          </reporter-output>
        </test-method> <!-- runScenario -->
        <test-method status="PASS" signature="runScenario(io.cucumber.testng.PickleWrapper, io.cucumber.testng.FeatureWrapper)[pri:0, instance:definitions.TestRunner@6a024a67]" name="runScenario" duration-ms="6835" started-at="2021-07-06T14:56:12Z" description="Runs Cucumber Scenarios" data-provider="scenarios" finished-at="2021-07-06T14:56:19Z">
          <params>
            <param index="0">
              <value>
                <![CDATA[""]]>
              </value>
            </param>
            <param index="1">
              <value>
                <![CDATA["Optional[Cash box tests]"]]>
              </value>
            </param>
          </params>
          <reporter-output>
          </reporter-output>
        </test-method> <!-- runScenario -->
        <test-method status="PASS" signature="runScenario(io.cucumber.testng.PickleWrapper, io.cucumber.testng.FeatureWrapper)[pri:0, instance:definitions.TestRunner@6a024a67]" name="runScenario" duration-ms="8861" started-at="2021-07-06T14:56:19Z" description="Runs Cucumber Scenarios" data-provider="scenarios" finished-at="2021-07-06T14:56:27Z">
          <params>
            <param index="0">
              <value>
                <![CDATA[""]]>
              </value>
            </param>
            <param index="1">
              <value>
                <![CDATA["Optional[Cash box tests]"]]>
              </value>
            </param>
          </params>
          <reporter-output>
          </reporter-output>
        </test-method> <!-- runScenario -->
        <test-method status="PASS" signature="tearDownClass()[pri:0, instance:definitions.TestRunner@6a024a67]" name="tearDownClass" is-config="true" duration-ms="7" started-at="2021-07-06T14:56:27Z" finished-at="2021-07-06T14:56:27Z">
          <reporter-output>
          </reporter-output>
        </test-method> <!-- tearDownClass -->
      </class> <!-- definitions.TestRunner -->
    </test> <!-- Command line test -->
  </suite> <!-- Command line suite -->
</testng-results>
